<?xml version="1.0" encoding="UTF-8"?>
<!-- Generated by org.testng.reporters.JUnitReportReporter -->
<testsuite hostname="INVW19CON40" failures="0" tests="2" name="Testcases.LoginTest" time="0.009" errors="0" timestamp="2024-03-14T10:15:12 IST" skipped="0">
  <testcase classname="Testcases.LoginTest" name="FirstTest" time="0.007"/>
  <testcase classname="Testcases.LoginTest" name="SecondTest" time="0.002"/>
</testsuite> <!-- Testcases.LoginTest -->
