<?xml version="1.0" encoding="UTF-8"?>
<!-- Generated by org.testng.reporters.JUnitReportReporter -->
<testsuite hostname="INVW19CON40" failures="0" tests="1" name="base.BaseTest" time="11.134" errors="0" timestamp="2024-03-11T19:48:07 IST" skipped="0">
  <testcase classname="base.BaseTest" name="setUp" time="11.134"/>
</testsuite> <!-- base.BaseTest -->
