<?xml version="1.0" encoding="UTF-8"?>
<!-- Generated by org.testng.reporters.JUnitReportReporter -->
<testsuite hostname="INVW19CON40" failures="0" tests="1" name="Testcases.SecondTest" time="0.001" errors="0" timestamp="2024-03-14T10:15:12 IST" skipped="0">
  <testcase classname="Testcases.SecondTest" name="FourthTest" time="0.001"/>
</testsuite> <!-- Testcases.SecondTest -->
